<?xml version="1.0" encoding="UTF-8"?>
<!-- Generated by org.testng.reporters.JUnitReportReporter -->
<testsuite hostname="Harsh" failures="0" tests="2" name="basic.JiraAPI" time="1.675" errors="0" timestamp="2022-05-24T19:19:22 IST" skipped="0">
  <testcase classname="basic.JiraAPI" name="addComment" time="0.001"/>
  <system-out/>
  <testcase classname="basic.JiraAPI" name="addAndViewComment" time="1.674"/>
  <system-out/>
</testsuite> <!-- basic.JiraAPI -->
