<?xml version="1.0" encoding="UTF-8"?>
<!-- Generated by org.testng.reporters.JUnitReportReporter -->
<testsuite hostname="Harsh" failures="0" tests="3" name="basic.DyanamicJson" time="1.617" errors="0" timestamp="2022-05-23T17:54:26 IST" skipped="0">
  <testcase classname="basic.DyanamicJson" name="addBook" time="1.288"/>
  <system-out/>
  <testcase classname="basic.DyanamicJson" name="addBook" time="0.159"/>
  <system-out/>
  <testcase classname="basic.DyanamicJson" name="addBook" time="0.170"/>
  <system-out/>
</testsuite> <!-- basic.DyanamicJson -->
