<?xml version="1.0" encoding="UTF-8"?>
<!-- Generated by org.testng.reporters.JUnitReportReporter -->
<testsuite hostname="Harsh" failures="0" tests="1" name="basic.JiraAPI" time="0.935" errors="0" timestamp="2022-05-24T00:40:53 IST" skipped="0">
  <testcase classname="basic.JiraAPI" name="addComment" time="0.935"/>
  <system-out/>
</testsuite> <!-- basic.JiraAPI -->
