<?xml version="1.0" encoding="UTF-8"?>
<!-- Generated by org.testng.reporters.JUnitReportReporter -->
<testsuite hostname="Harsh" failures="0" tests="1" name="basic.OauthDemo" time="15.787" errors="0" timestamp="2022-06-01T01:14:06 IST" skipped="0">
  <testcase classname="basic.OauthDemo" name="getCourse" time="15.787"/>
  <system-out/>
</testsuite> <!-- basic.OauthDemo -->
